Determining if the pthread_create exist failed with the following output:
Change Dir: /home/robot/PycharmProjects/delta/catkin_ws/build/CMakeFiles/CMakeTmp

Run Build Command:"/usr/bin/make" "cmTryCompileExec1517456499/fast"
/usr/bin/make -f CMakeFiles/cmTryCompileExec1517456499.dir/build.make CMakeFiles/cmTryCompileExec1517456499.dir/build
make[1]: Entering directory '/home/robot/PycharmProjects/delta/catkin_ws/build/CMakeFiles/CMakeTmp'
/usr/local/bin/cmake -E cmake_progress_report /home/robot/PycharmProjects/delta/catkin_ws/build/CMakeFiles/CMakeTmp/CMakeFiles 1
Building C object CMakeFiles/cmTryCompileExec1517456499.dir/CheckSymbolExists.c.o
/usr/bin/cc    -o CMakeFiles/cmTryCompileExec1517456499.dir/CheckSymbolExists.c.o   -c /home/robot/PycharmProjects/delta/catkin_ws/build/CMakeFiles/CMakeTmp/CheckSymbolExists.c
Linking C executable cmTryCompileExec1517456499
/usr/local/bin/cmake -E cmake_link_script CMakeFiles/cmTryCompileExec1517456499.dir/link.txt --verbose=1
/usr/bin/cc       CMakeFiles/cmTryCompileExec1517456499.dir/CheckSymbolExists.c.o  -o cmTryCompileExec1517456499 -rdynamic 
CMakeFiles/cmTryCompileExec1517456499.dir/CheckSymbolExists.c.o: In function `main':
CheckSymbolExists.c:(.text+0x16): undefined reference to `pthread_create'
collect2: error: ld returned 1 exit status
CMakeFiles/cmTryCompileExec1517456499.dir/build.make:88: recipe for target 'cmTryCompileExec1517456499' failed
make[1]: Leaving directory '/home/robot/PycharmProjects/delta/catkin_ws/build/CMakeFiles/CMakeTmp'
make[1]: *** [cmTryCompileExec1517456499] Error 1
Makefile:117: recipe for target 'cmTryCompileExec1517456499/fast' failed
make: *** [cmTryCompileExec1517456499/fast] Error 2

File /home/robot/PycharmProjects/delta/catkin_ws/build/CMakeFiles/CMakeTmp/CheckSymbolExists.c:
/* */
#include <pthread.h>

int main(int argc, char** argv)
{
  (void)argv;
#ifndef pthread_create
  return ((int*)(&pthread_create))[argc];
#else
  (void)argc;
  return 0;
#endif
}

Determining if the function pthread_create exists in the pthreads failed with the following output:
Change Dir: /home/robot/PycharmProjects/delta/catkin_ws/build/CMakeFiles/CMakeTmp

Run Build Command:"/usr/bin/make" "cmTryCompileExec1251799708/fast"
/usr/bin/make -f CMakeFiles/cmTryCompileExec1251799708.dir/build.make CMakeFiles/cmTryCompileExec1251799708.dir/build
make[1]: Entering directory '/home/robot/PycharmProjects/delta/catkin_ws/build/CMakeFiles/CMakeTmp'
/usr/local/bin/cmake -E cmake_progress_report /home/robot/PycharmProjects/delta/catkin_ws/build/CMakeFiles/CMakeTmp/CMakeFiles 1
Building C object CMakeFiles/cmTryCompileExec1251799708.dir/CheckFunctionExists.c.o
/usr/bin/cc   -DCHECK_FUNCTION_EXISTS=pthread_create   -o CMakeFiles/cmTryCompileExec1251799708.dir/CheckFunctionExists.c.o   -c /usr/local/share/cmake-3.2/Modules/CheckFunctionExists.c
Linking C executable cmTryCompileExec1251799708
/usr/local/bin/cmake -E cmake_link_script CMakeFiles/cmTryCompileExec1251799708.dir/link.txt --verbose=1
/usr/bin/cc   -DCHECK_FUNCTION_EXISTS=pthread_create    CMakeFiles/cmTryCompileExec1251799708.dir/CheckFunctionExists.c.o  -o cmTryCompileExec1251799708 -rdynamic -lpthreads 
/usr/bin/ld: cannot find -lpthreads
collect2: error: ld returned 1 exit status
CMakeFiles/cmTryCompileExec1251799708.dir/build.make:88: recipe for target 'cmTryCompileExec1251799708' failed
make[1]: Leaving directory '/home/robot/PycharmProjects/delta/catkin_ws/build/CMakeFiles/CMakeTmp'
make[1]: *** [cmTryCompileExec1251799708] Error 1
Makefile:117: recipe for target 'cmTryCompileExec1251799708/fast' failed
make: *** [cmTryCompileExec1251799708/fast] Error 2


